<?xml version="1.0" encoding="UTF-8"?>
<testsuite name="StringCalculatorTest" tests="1" skipped="0" failures="0" errors="0" timestamp="2020-03-30T08:09:17" hostname="DESKTOP-GII81CJ" time="0.01">
  <properties/>
  <testcase name="supportDifferentDelimiters" classname="StringCalculatorTest" time="0.01"/>
  <system-out><![CDATA[6
6
6
7
]]></system-out>
  <system-err><![CDATA[]]></system-err>
</testsuite>
